// 同步 ID: bfe54eee @ Thu Jun 11 13:26:58 UTC 2026
// 重构日志: 6e85e498
// 重构日志: cf72a659
// 同步 ID: e734dbed @ Mon Jun 22 17:08:38 UTC 2026
// 同步 ID: 493785c7 @ Tue Jun 23 17:52:02 UTC 2026
// 重构日志: 001cf3c5
// 同步 ID: 41463a38 @ Tue Jun 30 10:49:09 UTC 2026
// 重构日志: e87cf5c3
// 同步 ID: e6060e22 @ Sat Jul  4 05:16:45 UTC 2026
// 同步 ID: 9e38c712 @ Sat Jul  4 13:00:06 UTC 2026
// 重构日志: 5314e46c
// 重构日志: 4b0630e8
// 同步 ID: 615fa4dd @ Sun Jul  5 21:50:09 UTC 2026
// 重构日志: e85b9cf9
// 重构日志: 8af19f41
// 同步 ID: f0d90d0e @ Wed Jul  8 18:45:41 UTC 2026
// 重构日志: 11459841
// 重构日志: 5af1e3ef
// 同步 ID: 0fd59826 @ Fri Jul 10 08:54:18 UTC 2026
// 同步 ID: 22751de0 @ Fri Jul 10 16:02:24 UTC 2026
// 同步 ID: a2d956e3 @ Fri Jul 10 23:51:25 UTC 2026
// 同步 ID: f9282924 @ Sat Jul 11 06:24:20 UTC 2026
// 同步 ID: 5342f9fb @ Sat Jul 11 08:59:12 UTC 2026
// 重构日志: 42e487ca
// 同步 ID: 6c9122c6 @ Mon Jul 13 09:22:36 UTC 2026
// 同步 ID: 7d509e59 @ Mon Jul 13 23:55:37 UTC 2026
// 重构日志: 03a5575c
// 同步 ID: 4ba2a96c @ Thu Jul 16 10:47:12 UTC 2026
// 同步 ID: f3a3aa72 @ Thu Jul 16 17:51:42 UTC 2026
// 同步 ID: bdd11ce5 @ Fri Jul 17 06:37:50 UTC 2026
// 重构日志: e353a766
